<?xml version="1.0" encoding="UTF-8"?>
<testng-results total="3" passed="3" failed="0" skipped="0">
  <reporter-output>
  </reporter-output>
  <suite started-at="2021-10-17T08:21:16Z" name="Surefire suite" finished-at="2021-10-17T08:21:16Z" duration-ms="227">
    <groups>
    </groups>
    <test started-at="2021-10-17T08:21:16Z" name="Surefire test" finished-at="2021-10-17T08:21:16Z" duration-ms="227">
      <class name="com.bsafe.CalcAppTest">
        <test-method signature="testAppCalc()[pri:0, instance:testAppCalc(com.bsafe.CalcAppTest)]" started-at="2021-10-17T01:21:16Z" name="testAppCalc" finished-at="2021-10-17T01:21:16Z" duration-ms="6" status="PASS">
          <reporter-output>
          </reporter-output>
        </test-method> <!-- testAppCalc -->
        <test-method signature="testAppMain()[pri:0, instance:testAppMain(com.bsafe.CalcAppTest)]" started-at="2021-10-17T01:21:16Z" name="testAppMain" finished-at="2021-10-17T01:21:16Z" duration-ms="2" status="PASS">
          <reporter-output>
          </reporter-output>
        </test-method> <!-- testAppMain -->
        <test-method signature="testAppConstructor()[pri:0, instance:testAppConstructor(com.bsafe.CalcAppTest)]" started-at="2021-10-17T01:21:16Z" name="testAppConstructor" finished-at="2021-10-17T01:21:16Z" duration-ms="0" status="PASS">
          <reporter-output>
          </reporter-output>
        </test-method> <!-- testAppConstructor -->
      </class> <!-- com.bsafe.CalcAppTest -->
    </test> <!-- Surefire test -->
  </suite> <!-- Surefire suite -->
</testng-results>
