<?xml version="1.0" encoding="UTF-8"?>
<testsuite xmlns:xsi="http://www.w3.org/2001/XMLSchema-instance" xsi:noNamespaceSchemaLocation="https://maven.apache.org/surefire/maven-surefire-plugin/xsd/surefire-test-report.xsd" name="TestSuite" time="10.701" tests="4" errors="0" skipped="0" failures="1">
  <properties>
[...]
</properties>
  <testcase name="testCalcMultiplication" classname="com.bsafe.AutoCalcAppTest" time="1.455">
    <failure message="expected [true] but found [false]" type="java.lang.AssertionError">java.lang.AssertionError: expected [true] but found [false]
	at com.bsafe.AutoCalcAppTest.testCalcMultiplication(AutoCalcAppTest.java:39)
</failure>
    <system-out><![CDATA[Test Host: localhost:8082
]]></system-out>
    <system-err><![CDATA[Starting ChromeDriver 94.0.4606.61 (418b78f5838ed0b1c69bb4e51ea0252171854915-refs/branch-heads/4606@{#1204}) on port 9879
Only local connections are allowed.
Please see https://chromedriver.chromium.org/security-considerations for suggestions on keeping ChromeDriver safe.
ChromeDriver was started successfully.
out 17, 2021 1:21:10 AM org.openqa.selenium.remote.ProtocolHandshake createSession
INFO: Detected dialect: W3C
]]></system-err>
  </testcase>
  <testcase name="testAppCalc on testAppCalc(com.bsafe.CalcAppTest)" classname="com.bsafe.CalcAppTest" time="0.005"/>
  <testcase name="testAppMain on testAppMain(com.bsafe.CalcAppTest)" classname="com.bsafe.CalcAppTest" time="0.002"/>
  <testcase name="testAppConstructor on testAppConstructor(com.bsafe.CalcAppTest)" classname="com.bsafe.CalcAppTest" time="0.001"/>
</testsuite>