<?xml version="1.0" encoding="UTF-8"?>
<testsuite xmlns:xsi="http://www.w3.org/2001/XMLSchema-instance" xsi:noNamespaceSchemaLocation="https://maven.apache.org/surefire/maven-surefire-plugin/xsd/surefire-test-report.xsd" name="com.bsafe.CalcAppTest" time="0.169" tests="3" errors="0" skipped="0" failures="0">
  <properties>
[...]
</properties>
  <testcase name="testAppCalc" classname="com.bsafe.CalcAppTest" time="0.007"/>
  <testcase name="testAppMain" classname="com.bsafe.CalcAppTest" time="0.049"/>
  <testcase name="testAppConstructor" classname="com.bsafe.CalcAppTest" time="0.001"/>
</testsuite>