<?xml version="1.0" encoding="UTF-8"?>
<!-- Generated by org.testng.reporters.JUnitXMLReporter -->
<testsuite hostname="LAPTOP-GBP339N5" failures="0" tests="3" name="Surefire test" time="0.227" errors="0" timestamp="17 Oct 2021 08:21:16 GMT">
  <testcase classname="com.bsafe.CalcAppTest" name="testAppCalc on testAppCalc(com.bsafe.CalcAppTest)" time="0.006"/>
  <testcase classname="com.bsafe.CalcAppTest" name="testAppMain on testAppMain(com.bsafe.CalcAppTest)" time="0.002"/>
  <testcase classname="com.bsafe.CalcAppTest" name="testAppConstructor on testAppConstructor(com.bsafe.CalcAppTest)" time="0.0"/>
</testsuite> <!-- Surefire test -->
